<?xml version="1.0" encoding="UTF-8"?>
<!-- Generated by org.testng.reporters.JUnitXMLReporter -->
<testsuite ignored="0" hostname="IN2447374W2" failures="1" tests="7" name="Test" time="172.82" errors="0" timestamp="2024-04-11T10:15:50 IST">
  <testcase classname="testcases.LoginTest" name="loginWithInvalidUsernameAndValidPassword" time="2.811"/>
  <testcase classname="testcases.LoginTest" name="loginWithValidUsernameAndInvalidPassword" time="3.635"/>
  <testcase classname="testcases.LoginTest" name="loginWithValidUsernameAndValidPassword" time="3.179"/>
  <testcase classname="testcases.LoginTest" name="loginWithWithoutUsernameAndPassword" time="2.443"/>
  <testcase classname="testcases.SearchTest" name="searchWithInvalidProduct" time="0.652">
    <failure type="java.lang.AssertionError" message="expected [true] but found [false]">
      <![CDATA[java.lang.AssertionError: expected [true] but found [false]
at testcases.SearchTest.searchWithInvalidProduct(SearchTest.java:46)
at java.base/java.util.ArrayList.forEach(ArrayList.java:1511)
... Removed 31 stack frames]]>
    </failure>
  </testcase> <!-- searchWithInvalidProduct -->
  <testcase classname="testcases.SearchTest" name="searchWithValidProduct" time="1.104"/>
  <testcase classname="testcases.SearchTest" name="searchWithoutEnteringAnyProduct" time="0.001">
    <skipped/>
  </testcase> <!-- searchWithoutEnteringAnyProduct -->
</testsuite> <!-- Test -->
