<?xml version="1.0" encoding="UTF-8"?>
<testng-results ignored="0" total="7" passed="5" failed="1" skipped="1">
  <reporter-output>
  </reporter-output>
  <suite started-at="2024-04-11T10:12:57 IST" name="Suite" finished-at="2024-04-11T10:15:50 IST" duration-ms="172820">
    <groups>
    </groups>
    <test started-at="2024-04-11T10:12:57 IST" name="Test" finished-at="2024-04-11T10:15:50 IST" duration-ms="172820">
      <class name="testcases.SearchTest">
        <test-method is-config="true" signature="setup()[pri:0, instance:testcases.SearchTest@4802796d]" started-at="2024-04-11T10:14:58 IST" name="setup" finished-at="2024-04-11T10:15:19 IST" duration-ms="20990" status="PASS">
          <reporter-output>
          </reporter-output>
        </test-method> <!-- setup -->
        <test-method signature="searchWithInvalidProduct()[pri:0, instance:testcases.SearchTest@4802796d]" started-at="2024-04-11T10:15:19 IST" name="searchWithInvalidProduct" finished-at="2024-04-11T10:15:20 IST" duration-ms="652" status="FAIL">
          <exception class="java.lang.AssertionError">
            <message>
              <![CDATA[expected [true] but found [false]]]>
            </message>
            <full-stacktrace>
              <![CDATA[java.lang.AssertionError: expected [true] but found [false]
at org.testng.Assert.fail(Assert.java:111)
at org.testng.Assert.failNotEquals(Assert.java:1578)
at org.testng.Assert.assertTrue(Assert.java:57)
at org.testng.Assert.assertTrue(Assert.java:67)
at testcases.SearchTest.searchWithInvalidProduct(SearchTest.java:46)
at java.base/jdk.internal.reflect.NativeMethodAccessorImpl.invoke0(Native Method)
at java.base/jdk.internal.reflect.NativeMethodAccessorImpl.invoke(NativeMethodAccessorImpl.java:77)
at java.base/jdk.internal.reflect.DelegatingMethodAccessorImpl.invoke(DelegatingMethodAccessorImpl.java:43)
at java.base/java.lang.reflect.Method.invoke(Method.java:568)
at org.testng.internal.invokers.MethodInvocationHelper.invokeMethod(MethodInvocationHelper.java:139)
at org.testng.internal.invokers.TestInvoker.invokeMethod(TestInvoker.java:664)
at org.testng.internal.invokers.TestInvoker.invokeTestMethod(TestInvoker.java:227)
at org.testng.internal.invokers.MethodRunner.runInSequence(MethodRunner.java:50)
at org.testng.internal.invokers.TestInvoker$MethodInvocationAgent.invoke(TestInvoker.java:957)
at org.testng.internal.invokers.TestInvoker.invokeTestMethods(TestInvoker.java:200)
at org.testng.internal.invokers.TestMethodWorker.invokeTestMethods(TestMethodWorker.java:148)
at org.testng.internal.invokers.TestMethodWorker.run(TestMethodWorker.java:128)
at java.base/java.util.ArrayList.forEach(ArrayList.java:1511)
at org.testng.TestRunner.privateRun(TestRunner.java:848)
at org.testng.TestRunner.run(TestRunner.java:621)
at org.testng.SuiteRunner.runTest(SuiteRunner.java:443)
at org.testng.SuiteRunner.runSequentially(SuiteRunner.java:437)
at org.testng.SuiteRunner.privateRun(SuiteRunner.java:397)
at org.testng.SuiteRunner.run(SuiteRunner.java:336)
at org.testng.SuiteRunnerWorker.runSuite(SuiteRunnerWorker.java:52)
at org.testng.SuiteRunnerWorker.run(SuiteRunnerWorker.java:95)
at org.testng.TestNG.runSuitesSequentially(TestNG.java:1280)
at org.testng.TestNG.runSuitesLocally(TestNG.java:1200)
at org.testng.TestNG.runSuites(TestNG.java:1114)
at org.testng.TestNG.run(TestNG.java:1082)
at org.testng.remote.AbstractRemoteTestNG.run(AbstractRemoteTestNG.java:115)
at org.testng.remote.RemoteTestNG.initAndRun(RemoteTestNG.java:251)
at org.testng.remote.RemoteTestNG.main(RemoteTestNG.java:77)
]]>
            </full-stacktrace>
          </exception> <!-- java.lang.AssertionError -->
          <reporter-output>
          </reporter-output>
        </test-method> <!-- searchWithInvalidProduct -->
        <test-method is-config="true" signature="quitBrowser()[pri:0, instance:testcases.SearchTest@4802796d]" started-at="2024-04-11T10:15:20 IST" name="quitBrowser" finished-at="2024-04-11T10:15:24 IST" duration-ms="4101" status="PASS">
          <reporter-output>
          </reporter-output>
        </test-method> <!-- quitBrowser -->
        <test-method is-config="true" signature="setup()[pri:0, instance:testcases.SearchTest@4802796d]" started-at="2024-04-11T10:15:24 IST" name="setup" finished-at="2024-04-11T10:15:44 IST" duration-ms="20306" status="PASS">
          <reporter-output>
          </reporter-output>
        </test-method> <!-- setup -->
        <test-method signature="searchWithValidProduct()[pri:0, instance:testcases.SearchTest@4802796d]" started-at="2024-04-11T10:15:44 IST" name="searchWithValidProduct" finished-at="2024-04-11T10:15:45 IST" duration-ms="1104" status="PASS">
          <reporter-output>
          </reporter-output>
        </test-method> <!-- searchWithValidProduct -->
        <test-method is-config="true" signature="quitBrowser()[pri:0, instance:testcases.SearchTest@4802796d]" started-at="2024-04-11T10:15:45 IST" name="quitBrowser" finished-at="2024-04-11T10:15:50 IST" duration-ms="4208" status="PASS">
          <reporter-output>
          </reporter-output>
        </test-method> <!-- quitBrowser -->
        <test-method signature="searchWithoutEnteringAnyProduct()[pri:0, instance:testcases.SearchTest@4802796d]" started-at="2024-04-11T10:15:50 IST" name="searchWithoutEnteringAnyProduct" finished-at="2024-04-11T10:15:50 IST" depends-on-methods="testcases.SearchTest.searchWithInvalidProduct" duration-ms="1" status="SKIP">
          <exception class="java.lang.Throwable">
            <message>
              <![CDATA[Method testcases.SearchTest.searchWithoutEnteringAnyProduct() on instance testcases.SearchTest@4802796d depends on not successfully finished methods 
[testcases.SearchTest.searchWithInvalidProduct() on instance testcases.SearchTest@4802796d]]]>
            </message>
            <full-stacktrace>
              <![CDATA[java.lang.Throwable: Method testcases.SearchTest.searchWithoutEnteringAnyProduct() on instance testcases.SearchTest@4802796d depends on not successfully finished methods 
[testcases.SearchTest.searchWithInvalidProduct() on instance testcases.SearchTest@4802796d]
at org.testng.internal.invokers.TestInvoker.invokeTestMethods(TestInvoker.java:156)
at org.testng.internal.invokers.TestMethodWorker.invokeTestMethods(TestMethodWorker.java:148)
at org.testng.internal.invokers.TestMethodWorker.run(TestMethodWorker.java:128)
at java.base/java.util.ArrayList.forEach(ArrayList.java:1511)
at org.testng.TestRunner.privateRun(TestRunner.java:848)
at org.testng.TestRunner.run(TestRunner.java:621)
at org.testng.SuiteRunner.runTest(SuiteRunner.java:443)
at org.testng.SuiteRunner.runSequentially(SuiteRunner.java:437)
at org.testng.SuiteRunner.privateRun(SuiteRunner.java:397)
at org.testng.SuiteRunner.run(SuiteRunner.java:336)
at org.testng.SuiteRunnerWorker.runSuite(SuiteRunnerWorker.java:52)
at org.testng.SuiteRunnerWorker.run(SuiteRunnerWorker.java:95)
at org.testng.TestNG.runSuitesSequentially(TestNG.java:1280)
at org.testng.TestNG.runSuitesLocally(TestNG.java:1200)
at org.testng.TestNG.runSuites(TestNG.java:1114)
at org.testng.TestNG.run(TestNG.java:1082)
at org.testng.remote.AbstractRemoteTestNG.run(AbstractRemoteTestNG.java:115)
at org.testng.remote.RemoteTestNG.initAndRun(RemoteTestNG.java:251)
at org.testng.remote.RemoteTestNG.main(RemoteTestNG.java:77)
]]>
            </full-stacktrace>
          </exception> <!-- java.lang.Throwable -->
          <reporter-output>
          </reporter-output>
        </test-method> <!-- searchWithoutEnteringAnyProduct -->
      </class> <!-- testcases.SearchTest -->
      <class name="testcases.LoginTest">
        <test-method is-config="true" signature="setup()[pri:0, instance:testcases.LoginTest@7d8995e]" started-at="2024-04-11T10:12:57 IST" name="setup" finished-at="2024-04-11T10:13:22 IST" duration-ms="24931" status="PASS">
          <reporter-output>
          </reporter-output>
        </test-method> <!-- setup -->
        <test-method signature="loginWithInvalidUsernameAndValidPassword()[pri:0, instance:testcases.LoginTest@7d8995e]" started-at="2024-04-11T10:13:22 IST" name="loginWithInvalidUsernameAndValidPassword" finished-at="2024-04-11T10:13:25 IST" duration-ms="2811" status="PASS">
          <reporter-output>
          </reporter-output>
        </test-method> <!-- loginWithInvalidUsernameAndValidPassword -->
        <test-method is-config="true" signature="quitBrowser()[pri:0, instance:testcases.LoginTest@7d8995e]" started-at="2024-04-11T10:13:25 IST" name="quitBrowser" finished-at="2024-04-11T10:13:29 IST" duration-ms="4194" status="PASS">
          <reporter-output>
          </reporter-output>
        </test-method> <!-- quitBrowser -->
        <test-method is-config="true" signature="setup()[pri:0, instance:testcases.LoginTest@7d8995e]" started-at="2024-04-11T10:13:29 IST" name="setup" finished-at="2024-04-11T10:13:52 IST" duration-ms="22991" status="PASS">
          <reporter-output>
          </reporter-output>
        </test-method> <!-- setup -->
        <test-method signature="loginWithValidUsernameAndInvalidPassword()[pri:0, instance:testcases.LoginTest@7d8995e]" started-at="2024-04-11T10:13:52 IST" name="loginWithValidUsernameAndInvalidPassword" finished-at="2024-04-11T10:13:56 IST" duration-ms="3635" status="PASS">
          <reporter-output>
          </reporter-output>
        </test-method> <!-- loginWithValidUsernameAndInvalidPassword -->
        <test-method is-config="true" signature="quitBrowser()[pri:0, instance:testcases.LoginTest@7d8995e]" started-at="2024-04-11T10:13:56 IST" name="quitBrowser" finished-at="2024-04-11T10:14:00 IST" duration-ms="4108" status="PASS">
          <reporter-output>
          </reporter-output>
        </test-method> <!-- quitBrowser -->
        <test-method is-config="true" signature="setup()[pri:0, instance:testcases.LoginTest@7d8995e]" started-at="2024-04-11T10:14:00 IST" name="setup" finished-at="2024-04-11T10:14:23 IST" duration-ms="22984" status="PASS">
          <reporter-output>
          </reporter-output>
        </test-method> <!-- setup -->
        <test-method signature="loginWithValidUsernameAndValidPassword()[pri:0, instance:testcases.LoginTest@7d8995e]" started-at="2024-04-11T10:14:23 IST" name="loginWithValidUsernameAndValidPassword" finished-at="2024-04-11T10:14:26 IST" duration-ms="3179" status="PASS">
          <reporter-output>
          </reporter-output>
        </test-method> <!-- loginWithValidUsernameAndValidPassword -->
        <test-method is-config="true" signature="quitBrowser()[pri:0, instance:testcases.LoginTest@7d8995e]" started-at="2024-04-11T10:14:26 IST" name="quitBrowser" finished-at="2024-04-11T10:14:30 IST" duration-ms="4091" status="PASS">
          <reporter-output>
          </reporter-output>
        </test-method> <!-- quitBrowser -->
        <test-method is-config="true" signature="setup()[pri:0, instance:testcases.LoginTest@7d8995e]" started-at="2024-04-11T10:14:30 IST" name="setup" finished-at="2024-04-11T10:14:52 IST" duration-ms="21495" status="PASS">
          <reporter-output>
          </reporter-output>
        </test-method> <!-- setup -->
        <test-method signature="loginWithWithoutUsernameAndPassword()[pri:0, instance:testcases.LoginTest@7d8995e]" started-at="2024-04-11T10:14:52 IST" name="loginWithWithoutUsernameAndPassword" finished-at="2024-04-11T10:14:54 IST" duration-ms="2443" status="PASS">
          <reporter-output>
          </reporter-output>
        </test-method> <!-- loginWithWithoutUsernameAndPassword -->
        <test-method is-config="true" signature="quitBrowser()[pri:0, instance:testcases.LoginTest@7d8995e]" started-at="2024-04-11T10:14:54 IST" name="quitBrowser" finished-at="2024-04-11T10:14:58 IST" duration-ms="4089" status="PASS">
          <reporter-output>
          </reporter-output>
        </test-method> <!-- quitBrowser -->
      </class> <!-- testcases.LoginTest -->
    </test> <!-- Test -->
  </suite> <!-- Suite -->
</testng-results>
